esp32/temperature 21.5
esp32/humidity 45.6
esp32/temperature 21.5
esp32/humidity 45.7
esp32/temperature 21.5
esp32/humidity 45.7
esp32/temperature 21.5
esp32/humidity 45.7
esp32/temperature 21.5
esp32/humidity 45.7
esp32/temperature 21.5
esp32/humidity 45.8
esp32/temperature 21.5
esp32/humidity 45.8
esp32/temperature 21.5
esp32/humidity 45.9
esp32/temperature 21.4
esp32/humidity 46.1
esp32/temperature 21.4
esp32/humidity 46.1
esp32/temperature 21.4
esp32/humidity 46.0
esp32/temperature 21.4
esp32/humidity 46.0
esp32/temperature 21.4
esp32/humidity 46.0
esp32/temperature 21.4
esp32/humidity 46.0
esp32/temperature 21.3
esp32/humidity 45.9
esp32/temperature 21.3
esp32/humidity 46.1
esp32/temperature 21.3
esp32/humidity 46.1
esp32/temperature 21.3
esp32/humidity 46.2
esp32/temperature 21.2
esp32/humidity 46.5
esp32/temperature 21.2
esp32/humidity 46.6
esp32/temperature 21.2
esp32/humidity 46.6
esp32/temperature 21.2
esp32/humidity 46.6
esp32/temperature 21.2
esp32/humidity 46.6
esp32/temperature 21.2
esp32/humidity 46.6
esp32/temperature 21.2
esp32/humidity 46.5
esp32/temperature 21.2
esp32/temperature 21.2
esp32/temperature 21.2
esp32/temperature 21.2
esp32/temperature 21.2
esp32/temperature 21.2
esp32/temperature 21.2
esp32/humidity 46.4
esp32/temperature 21.2
esp32/humidity 46.4
esp32/temperature 21.2
esp32/humidity 46.4
esp32/temperature 21.1
esp32/humidity 46.5
esp32/temperature 21.1
esp32/humidity 46.4
esp32/temperature 21.2
esp32/humidity 46.5
esp32/temperature 21.2
esp32/humidity 46.5
esp32/temperature 21.1
esp32/humidity 46.5
esp32/temperature 21.1
esp32/humidity 46.5
esp32/temperature 21.2
esp32/humidity 46.7
esp32/temperature 21.2
esp32/humidity 46.6
esp32/temperature 21.2
esp32/humidity 46.5
esp32/temperature 21.2
esp32/humidity 46.5
esp32/temperature 21.2
esp32/humidity 46.6
esp32/temperature 20.9
esp32/humidity 48.5
esp32/temperature 20.8
esp32/humidity 48.6
esp32/temperature 20.8
esp32/humidity 48.8
esp32/temperature 20.8
esp32/humidity 48.7
esp32/temperature 20.9
esp32/humidity 48.7
esp32/temperature 20.9
esp32/humidity 48.6
esp32/temperature 20.9
esp32/humidity 48.6
esp32/temperature 20.9
esp32/humidity 48.5
esp32/temperature 20.9
esp32/humidity 48.5
esp32/temperature 20.9
esp32/humidity 48.3
esp32/temperature 20.9
esp32/humidity 48.2
